[DEBUG] 2018-09-23 21:56:18.941 [main] ProductReviewsController - input review comment:great product
[DEBUG] 2018-09-23 21:56:18.949 [main] ProductReviewsController - Purified review content:great product
[DEBUG] 2018-09-23 21:56:18.956 [main] ProductReviewsController - input review comment:product is ok, mone3y, @pe, $hit, sssssuuuuccckkks, ugly
[DEBUG] 2018-09-23 21:56:18.956 [main] ProductReviewsController - Purified review content:product is ok moneey ape shit sucks ugly
[DEBUG] 2018-09-23 21:56:18.957 [main] ProductReviewsController - Matched with bad word: ape
[DEBUG] 2018-09-23 21:56:18.957 [main] ProductReviewsController - Matched with bad word: sucks
[DEBUG] 2018-09-23 21:56:18.957 [main] ProductReviewsController - Matched with bad word: ugly
[DEBUG] 2018-09-23 21:56:18.957 [main] ProductReviewsController - Matched with bad word: shit
[INFO ] 2018-09-23 21:56:45.316 [main] Application - Starting Application on G7S7GLH2E with PID 26044 (C:\Assignment\ProductReviews\target\classes started by 305023454 in C:\Assignment\ProductReviews)
[DEBUG] 2018-09-23 21:56:45.321 [main] Application - Running with Spring Boot v2.0.3.RELEASE, Spring v5.0.7.RELEASE
[INFO ] 2018-09-23 21:56:45.322 [main] Application - No active profile set, falling back to default profiles: default
[INFO ] 2018-09-23 21:56:48.934 [main] Application - Started Application in 3.916 seconds (JVM running for 4.898)
[DEBUG] 2018-09-23 21:56:56.225 [http-nio-8080-exec-2] ProductReviewsController - Product Review Received:ProductReviewID: null,ProductID: 123, ReviewDateTime: 2018-09-22T22:43:38.910,reviewContent: Product is great to buy. I  recommend fuck
[DEBUG] 2018-09-23 21:56:56.234 [http-nio-8080-exec-2] ObjectionableKeyWordContentFileRepositoryImpl - Objectionable content: [Key Word: anal,Reggular Expression: [a]{1,}[n]{1,}[a]{1,}[l]{1,}, Key Word: anus,Reggular Expression: [a]{1,}[n]{1,}[u]{1,}[s]{1,}, Key Word: arse,Reggular Expression: [a]{1,}[r]{1,}[s]{1,}[e]{1,}, Key Word: ass,Reggular Expression: [a]{1,}[s]{1,}[s]{1,}, Key Word: ballsack,Reggular Expression: [b]{1,}[a]{1,}[l]{1,}[l]{1,}[s]{1,}[a]{1,}[c]{1,}[k]{1,}, Key Word: balls,Reggular Expression: [b]{1,}[a]{1,}[l]{1,}[l]{1,}[s]{1,}, Key Word: bastard,Reggular Expression: [b]{1,}[a]{1,}[s]{1,}[t]{1,}[a]{1,}[r]{1,}[d]{1,}, Key Word: bitch,Reggular Expression: [b]{1,}[i]{1,}[t]{1,}[c]{1,}[h]{1,}, Key Word: biatch,Reggular Expression: [b]{1,}[i]{1,}[a]{1,}[t]{1,}[c]{1,}[h]{1,}, Key Word: bloody,Reggular Expression: [b]{1,}[l]{1,}[o]{1,}[o]{1,}[d]{1,}[y]{1,}, Key Word: blowjob,Reggular Expression: [b]{1,}[l]{1,}[o]{1,}[w]{1,}[j]{1,}[o]{1,}[b]{1,}, Key Word: blow job,Reggular Expression: [b]{1,}[l]{1,}[o]{1,}[w]{1,}[ ]{1,}[j]{1,}[o]{1,}[b]{1,}, Key Word: bollock,Reggular Expression: [b]{1,}[o]{1,}[l]{1,}[l]{1,}[o]{1,}[c]{1,}[k]{1,}, Key Word: bollok,Reggular Expression: [b]{1,}[o]{1,}[l]{1,}[l]{1,}[o]{1,}[k]{1,}, Key Word: boner,Reggular Expression: [b]{1,}[o]{1,}[n]{1,}[e]{1,}[r]{1,}, Key Word: boob,Reggular Expression: [b]{1,}[o]{1,}[o]{1,}[b]{1,}, Key Word: bugger,Reggular Expression: [b]{1,}[u]{1,}[g]{1,}[g]{1,}[e]{1,}[r]{1,}, Key Word: bum,Reggular Expression: [b]{1,}[u]{1,}[m]{1,}, Key Word: butt,Reggular Expression: [b]{1,}[u]{1,}[t]{1,}[t]{1,}, Key Word: buttplug,Reggular Expression: [b]{1,}[u]{1,}[t]{1,}[t]{1,}[p]{1,}[l]{1,}[u]{1,}[g]{1,}, Key Word: clitoris,Reggular Expression: [c]{1,}[l]{1,}[i]{1,}[t]{1,}[o]{1,}[r]{1,}[i]{1,}[s]{1,}, Key Word: cock,Reggular Expression: [c]{1,}[o]{1,}[c]{1,}[k]{1,}, Key Word: coon,Reggular Expression: [c]{1,}[o]{1,}[o]{1,}[n]{1,}, Key Word: crap,Reggular Expression: [c]{1,}[r]{1,}[a]{1,}[p]{1,}, Key Word: cunt,Reggular Expression: [c]{1,}[u]{1,}[n]{1,}[t]{1,}, Key Word: damn,Reggular Expression: [d]{1,}[a]{1,}[m]{1,}[n]{1,}, Key Word: dick,Reggular Expression: [d]{1,}[i]{1,}[c]{1,}[k]{1,}, Key Word: dildo,Reggular Expression: [d]{1,}[i]{1,}[l]{1,}[d]{1,}[o]{1,}, Key Word: dyke,Reggular Expression: [d]{1,}[y]{1,}[k]{1,}[e]{1,}, Key Word: fag,Reggular Expression: [f]{1,}[a]{1,}[g]{1,}, Key Word: feck,Reggular Expression: [f]{1,}[e]{1,}[c]{1,}[k]{1,}, Key Word: fellate,Reggular Expression: [f]{1,}[e]{1,}[l]{1,}[l]{1,}[a]{1,}[t]{1,}[e]{1,}, Key Word: fellatio,Reggular Expression: [f]{1,}[e]{1,}[l]{1,}[l]{1,}[a]{1,}[t]{1,}[i]{1,}[o]{1,}, Key Word: felching,Reggular Expression: [f]{1,}[e]{1,}[l]{1,}[c]{1,}[h]{1,}[i]{1,}[n]{1,}[g]{1,}, Key Word: fuck,Reggular Expression: [f]{1,}[u]{1,}[c]{1,}[k]{1,}, Key Word: f u c k,Reggular Expression: [f]{1,}[ ]{1,}[u]{1,}[ ]{1,}[c]{1,}[ ]{1,}[k]{1,}, Key Word: fudgepacker,Reggular Expression: [f]{1,}[u]{1,}[d]{1,}[g]{1,}[e]{1,}[p]{1,}[a]{1,}[c]{1,}[k]{1,}[e]{1,}[r]{1,}, Key Word: fudge packer,Reggular Expression: [f]{1,}[u]{1,}[d]{1,}[g]{1,}[e]{1,}[ ]{1,}[p]{1,}[a]{1,}[c]{1,}[k]{1,}[e]{1,}[r]{1,}, Key Word: flange,Reggular Expression: [f]{1,}[l]{1,}[a]{1,}[n]{1,}[g]{1,}[e]{1,}, Key Word: Goddamn,Reggular Expression: [G]{1,}[o]{1,}[d]{1,}[d]{1,}[a]{1,}[m]{1,}[n]{1,}, Key Word: God damn,Reggular Expression: [G]{1,}[o]{1,}[d]{1,}[ ]{1,}[d]{1,}[a]{1,}[m]{1,}[n]{1,}, Key Word: hell,Reggular Expression: [h]{1,}[e]{1,}[l]{1,}[l]{1,}, Key Word: homo,Reggular Expression: [h]{1,}[o]{1,}[m]{1,}[o]{1,}, Key Word: jerk,Reggular Expression: [j]{1,}[e]{1,}[r]{1,}[k]{1,}, Key Word: jizz,Reggular Expression: [j]{1,}[i]{1,}[z]{1,}[z]{1,}, Key Word: knobend,Reggular Expression: [k]{1,}[n]{1,}[o]{1,}[b]{1,}[e]{1,}[n]{1,}[d]{1,}, Key Word: knob end,Reggular Expression: [k]{1,}[n]{1,}[o]{1,}[b]{1,}[ ]{1,}[e]{1,}[n]{1,}[d]{1,}, Key Word: labia,Reggular Expression: [l]{1,}[a]{1,}[b]{1,}[i]{1,}[a]{1,}, Key Word: lmao,Reggular Expression: [l]{1,}[m]{1,}[a]{1,}[o]{1,}, Key Word: lmfao,Reggular Expression: [l]{1,}[m]{1,}[f]{1,}[a]{1,}[o]{1,}, Key Word: muff,Reggular Expression: [m]{1,}[u]{1,}[f]{1,}[f]{1,}, Key Word: nigger,Reggular Expression: [n]{1,}[i]{1,}[g]{1,}[g]{1,}[e]{1,}[r]{1,}, Key Word: nigga,Reggular Expression: [n]{1,}[i]{1,}[g]{1,}[g]{1,}[a]{1,}, Key Word: omg,Reggular Expression: [o]{1,}[m]{1,}[g]{1,}, Key Word: penis,Reggular Expression: [p]{1,}[e]{1,}[n]{1,}[i]{1,}[s]{1,}, Key Word: piss,Reggular Expression: [p]{1,}[i]{1,}[s]{1,}[s]{1,}, Key Word: poop,Reggular Expression: [p]{1,}[o]{1,}[o]{1,}[p]{1,}, Key Word: prick,Reggular Expression: [p]{1,}[r]{1,}[i]{1,}[c]{1,}[k]{1,}, Key Word: pube,Reggular Expression: [p]{1,}[u]{1,}[b]{1,}[e]{1,}, Key Word: pussy,Reggular Expression: [p]{1,}[u]{1,}[s]{1,}[s]{1,}[y]{1,}, Key Word: queer,Reggular Expression: [q]{1,}[u]{1,}[e]{1,}[e]{1,}[r]{1,}, Key Word: scrotum,Reggular Expression: [s]{1,}[c]{1,}[r]{1,}[o]{1,}[t]{1,}[u]{1,}[m]{1,}, Key Word: sex,Reggular Expression: [s]{1,}[e]{1,}[x]{1,}, Key Word: shit,Reggular Expression: [s]{1,}[h]{1,}[i]{1,}[t]{1,}, Key Word: s hit,Reggular Expression: [s]{1,}[ ]{1,}[h]{1,}[i]{1,}[t]{1,}, Key Word: sh1t,Reggular Expression: [s]{1,}[h]{1,}[1]{1,}[t]{1,}, Key Word: slut,Reggular Expression: [s]{1,}[l]{1,}[u]{1,}[t]{1,}, Key Word: smegma,Reggular Expression: [s]{1,}[m]{1,}[e]{1,}[g]{1,}[m]{1,}[a]{1,}, Key Word: spunk,Reggular Expression: [s]{1,}[p]{1,}[u]{1,}[n]{1,}[k]{1,}, Key Word: tit,Reggular Expression: [t]{1,}[i]{1,}[t]{1,}, Key Word: tosser,Reggular Expression: [t]{1,}[o]{1,}[s]{1,}[s]{1,}[e]{1,}[r]{1,}, Key Word: turd,Reggular Expression: [t]{1,}[u]{1,}[r]{1,}[d]{1,}, Key Word: twat,Reggular Expression: [t]{1,}[w]{1,}[a]{1,}[t]{1,}, Key Word: vagina,Reggular Expression: [v]{1,}[a]{1,}[g]{1,}[i]{1,}[n]{1,}[a]{1,}, Key Word: wank,Reggular Expression: [w]{1,}[a]{1,}[n]{1,}[k]{1,}, Key Word: whore,Reggular Expression: [w]{1,}[h]{1,}[o]{1,}[r]{1,}[e]{1,}, Key Word: wtf,Reggular Expression: [w]{1,}[t]{1,}[f]{1,}]
[DEBUG] 2018-09-23 21:56:56.236 [http-nio-8080-exec-2] ProductReviewsController - input review comment:product is great to buy. i  recommend fuck
[DEBUG] 2018-09-23 21:56:56.238 [http-nio-8080-exec-2] ProductReviewsController - Purified review content:product is great to buy i recommend fuck
[DEBUG] 2018-09-23 21:56:56.240 [http-nio-8080-exec-2] ProductReviewsController - Matched with bad word: fuck
[ERROR] 2018-09-23 21:56:56.249 [http-nio-8080-exec-2] CustomizedResponseEntityExceptionHandler - ExceptionTimeStamp: 2018-09-23T21:56:56.245, errorCode: 1000, Error Message: Objectionable Content Found, ErrorDetails: The review comments has objectionable keywords that gives the meening of [fuck], Error Cause
com.akki.productreviews.common.exceptions.ObjectionableContentFoundException: Objectionable Content Found
	at com.akki.productreviews.service.ObjectionableContentCheckerServiceImpl.contentObjectionable(ObjectionableContentCheckerServiceImpl.java:59) ~[classes/:?]
	at com.akki.productreviews.service.ObjectionableContentCheckerServiceImpl$$FastClassBySpringCGLIB$$ec868658.invoke(<generated>) ~[classes/:?]
	at org.springframework.cglib.proxy.MethodProxy.invoke(MethodProxy.java:204) ~[spring-core-5.0.7.RELEASE.jar:5.0.7.RELEASE]
	at org.springframework.aop.framework.CglibAopProxy$CglibMethodInvocation.invokeJoinpoint(CglibAopProxy.java:747) ~[spring-aop-5.0.1.RELEASE.jar:5.0.1.RELEASE]
	at org.springframework.aop.framework.ReflectiveMethodInvocation.proceed(ReflectiveMethodInvocation.java:163) ~[spring-aop-5.0.1.RELEASE.jar:5.0.1.RELEASE]
	at org.springframework.aop.aspectj.MethodInvocationProceedingJoinPoint.proceed(MethodInvocationProceedingJoinPoint.java:89) ~[spring-aop-5.0.1.RELEASE.jar:5.0.1.RELEASE]
	at com.akki.productreviews.common.aop.PerformanceLoggerAspect.around(PerformanceLoggerAspect.java:26) ~[classes/:?]
	at sun.reflect.NativeMethodAccessorImpl.invoke0(Native Method) ~[?:1.8.0_181]
	at sun.reflect.NativeMethodAccessorImpl.invoke(NativeMethodAccessorImpl.java:62) ~[?:1.8.0_181]
	at sun.reflect.DelegatingMethodAccessorImpl.invoke(DelegatingMethodAccessorImpl.java:43) ~[?:1.8.0_181]
	at java.lang.reflect.Method.invoke(Method.java:498) ~[?:1.8.0_181]
	at org.springframework.aop.aspectj.AbstractAspectJAdvice.invokeAdviceMethodWithGivenArgs(AbstractAspectJAdvice.java:643) ~[spring-aop-5.0.1.RELEASE.jar:5.0.1.RELEASE]
	at org.springframework.aop.aspectj.AbstractAspectJAdvice.invokeAdviceMethod(AbstractAspectJAdvice.java:632) ~[spring-aop-5.0.1.RELEASE.jar:5.0.1.RELEASE]
	at org.springframework.aop.aspectj.AspectJAroundAdvice.invoke(AspectJAroundAdvice.java:70) ~[spring-aop-5.0.1.RELEASE.jar:5.0.1.RELEASE]
	at org.springframework.aop.framework.ReflectiveMethodInvocation.proceed(ReflectiveMethodInvocation.java:185) ~[spring-aop-5.0.1.RELEASE.jar:5.0.1.RELEASE]
	at org.springframework.aop.interceptor.ExposeInvocationInterceptor.invoke(ExposeInvocationInterceptor.java:92) ~[spring-aop-5.0.1.RELEASE.jar:5.0.1.RELEASE]
	at org.springframework.aop.framework.ReflectiveMethodInvocation.proceed(ReflectiveMethodInvocation.java:185) ~[spring-aop-5.0.1.RELEASE.jar:5.0.1.RELEASE]
	at org.springframework.aop.framework.CglibAopProxy$DynamicAdvisedInterceptor.intercept(CglibAopProxy.java:689) ~[spring-aop-5.0.1.RELEASE.jar:5.0.1.RELEASE]
	at com.akki.productreviews.service.ObjectionableContentCheckerServiceImpl$$EnhancerBySpringCGLIB$$ae28ccff.contentObjectionable(<generated>) ~[classes/:?]
	at com.akki.productreviews.controller.ProductReviewsController.saveProdctReview(ProductReviewsController.java:50) ~[classes/:?]
	at com.akki.productreviews.controller.ProductReviewsController$$FastClassBySpringCGLIB$$f39735b1.invoke(<generated>) ~[classes/:?]
	at org.springframework.cglib.proxy.MethodProxy.invoke(MethodProxy.java:204) ~[spring-core-5.0.7.RELEASE.jar:5.0.7.RELEASE]
	at org.springframework.aop.framework.CglibAopProxy$CglibMethodInvocation.invokeJoinpoint(CglibAopProxy.java:747) ~[spring-aop-5.0.1.RELEASE.jar:5.0.1.RELEASE]
	at org.springframework.aop.framework.ReflectiveMethodInvocation.proceed(ReflectiveMethodInvocation.java:163) ~[spring-aop-5.0.1.RELEASE.jar:5.0.1.RELEASE]
	at org.springframework.aop.aspectj.MethodInvocationProceedingJoinPoint.proceed(MethodInvocationProceedingJoinPoint.java:89) ~[spring-aop-5.0.1.RELEASE.jar:5.0.1.RELEASE]
	at com.akki.productreviews.common.aop.PerformanceLoggerAspect.around(PerformanceLoggerAspect.java:26) ~[classes/:?]
	at sun.reflect.NativeMethodAccessorImpl.invoke0(Native Method) ~[?:1.8.0_181]
	at sun.reflect.NativeMethodAccessorImpl.invoke(NativeMethodAccessorImpl.java:62) ~[?:1.8.0_181]
	at sun.reflect.DelegatingMethodAccessorImpl.invoke(DelegatingMethodAccessorImpl.java:43) ~[?:1.8.0_181]
	at java.lang.reflect.Method.invoke(Method.java:498) ~[?:1.8.0_181]
	at org.springframework.aop.aspectj.AbstractAspectJAdvice.invokeAdviceMethodWithGivenArgs(AbstractAspectJAdvice.java:643) ~[spring-aop-5.0.1.RELEASE.jar:5.0.1.RELEASE]
	at org.springframework.aop.aspectj.AbstractAspectJAdvice.invokeAdviceMethod(AbstractAspectJAdvice.java:632) ~[spring-aop-5.0.1.RELEASE.jar:5.0.1.RELEASE]
	at org.springframework.aop.aspectj.AspectJAroundAdvice.invoke(AspectJAroundAdvice.java:70) ~[spring-aop-5.0.1.RELEASE.jar:5.0.1.RELEASE]
	at org.springframework.aop.framework.ReflectiveMethodInvocation.proceed(ReflectiveMethodInvocation.java:185) ~[spring-aop-5.0.1.RELEASE.jar:5.0.1.RELEASE]
	at org.springframework.aop.interceptor.ExposeInvocationInterceptor.invoke(ExposeInvocationInterceptor.java:92) ~[spring-aop-5.0.1.RELEASE.jar:5.0.1.RELEASE]
	at org.springframework.aop.framework.ReflectiveMethodInvocation.proceed(ReflectiveMethodInvocation.java:185) ~[spring-aop-5.0.1.RELEASE.jar:5.0.1.RELEASE]
	at org.springframework.aop.framework.CglibAopProxy$DynamicAdvisedInterceptor.intercept(CglibAopProxy.java:689) ~[spring-aop-5.0.1.RELEASE.jar:5.0.1.RELEASE]
	at com.akki.productreviews.controller.ProductReviewsController$$EnhancerBySpringCGLIB$$d0d2baaa.saveProdctReview(<generated>) ~[classes/:?]
	at sun.reflect.NativeMethodAccessorImpl.invoke0(Native Method) ~[?:1.8.0_181]
	at sun.reflect.NativeMethodAccessorImpl.invoke(NativeMethodAccessorImpl.java:62) ~[?:1.8.0_181]
	at sun.reflect.DelegatingMethodAccessorImpl.invoke(DelegatingMethodAccessorImpl.java:43) ~[?:1.8.0_181]
	at java.lang.reflect.Method.invoke(Method.java:498) ~[?:1.8.0_181]
	at org.springframework.web.method.support.InvocableHandlerMethod.doInvoke(InvocableHandlerMethod.java:209) ~[spring-web-5.0.7.RELEASE.jar:5.0.7.RELEASE]
	at org.springframework.web.method.support.InvocableHandlerMethod.invokeForRequest(InvocableHandlerMethod.java:136) ~[spring-web-5.0.7.RELEASE.jar:5.0.7.RELEASE]
	at org.springframework.web.servlet.mvc.method.annotation.ServletInvocableHandlerMethod.invokeAndHandle(ServletInvocableHandlerMethod.java:102) ~[spring-webmvc-5.0.7.RELEASE.jar:5.0.7.RELEASE]
	at org.springframework.web.servlet.mvc.method.annotation.RequestMappingHandlerAdapter.invokeHandlerMethod(RequestMappingHandlerAdapter.java:877) ~[spring-webmvc-5.0.7.RELEASE.jar:5.0.7.RELEASE]
	at org.springframework.web.servlet.mvc.method.annotation.RequestMappingHandlerAdapter.handleInternal(RequestMappingHandlerAdapter.java:783) ~[spring-webmvc-5.0.7.RELEASE.jar:5.0.7.RELEASE]
	at org.springframework.web.servlet.mvc.method.AbstractHandlerMethodAdapter.handle(AbstractHandlerMethodAdapter.java:87) ~[spring-webmvc-5.0.7.RELEASE.jar:5.0.7.RELEASE]
	at org.springframework.web.servlet.DispatcherServlet.doDispatch(DispatcherServlet.java:991) [spring-webmvc-5.0.7.RELEASE.jar:5.0.7.RELEASE]
	at org.springframework.web.servlet.DispatcherServlet.doService(DispatcherServlet.java:925) [spring-webmvc-5.0.7.RELEASE.jar:5.0.7.RELEASE]
	at org.springframework.web.servlet.FrameworkServlet.processRequest(FrameworkServlet.java:974) [spring-webmvc-5.0.7.RELEASE.jar:5.0.7.RELEASE]
	at org.springframework.web.servlet.FrameworkServlet.doPost(FrameworkServlet.java:877) [spring-webmvc-5.0.7.RELEASE.jar:5.0.7.RELEASE]
	at javax.servlet.http.HttpServlet.service(HttpServlet.java:661) [tomcat-embed-core-8.5.31.jar:8.5.31]
	at org.springframework.web.servlet.FrameworkServlet.service(FrameworkServlet.java:851) [spring-webmvc-5.0.7.RELEASE.jar:5.0.7.RELEASE]
	at javax.servlet.http.HttpServlet.service(HttpServlet.java:742) [tomcat-embed-core-8.5.31.jar:8.5.31]
	at org.apache.catalina.core.ApplicationFilterChain.internalDoFilter(ApplicationFilterChain.java:231) [tomcat-embed-core-8.5.31.jar:8.5.31]
	at org.apache.catalina.core.ApplicationFilterChain.doFilter(ApplicationFilterChain.java:166) [tomcat-embed-core-8.5.31.jar:8.5.31]
	at org.apache.tomcat.websocket.server.WsFilter.doFilter(WsFilter.java:52) [tomcat-embed-websocket-8.5.31.jar:8.5.31]
	at org.apache.catalina.core.ApplicationFilterChain.internalDoFilter(ApplicationFilterChain.java:193) [tomcat-embed-core-8.5.31.jar:8.5.31]
	at org.apache.catalina.core.ApplicationFilterChain.doFilter(ApplicationFilterChain.java:166) [tomcat-embed-core-8.5.31.jar:8.5.31]
	at org.springframework.web.filter.RequestContextFilter.doFilterInternal(RequestContextFilter.java:99) [spring-web-5.0.7.RELEASE.jar:5.0.7.RELEASE]
	at org.springframework.web.filter.OncePerRequestFilter.doFilter(OncePerRequestFilter.java:107) [spring-web-5.0.7.RELEASE.jar:5.0.7.RELEASE]
	at org.apache.catalina.core.ApplicationFilterChain.internalDoFilter(ApplicationFilterChain.java:193) [tomcat-embed-core-8.5.31.jar:8.5.31]
	at org.apache.catalina.core.ApplicationFilterChain.doFilter(ApplicationFilterChain.java:166) [tomcat-embed-core-8.5.31.jar:8.5.31]
	at org.springframework.web.filter.HttpPutFormContentFilter.doFilterInternal(HttpPutFormContentFilter.java:109) [spring-web-5.0.7.RELEASE.jar:5.0.7.RELEASE]
	at org.springframework.web.filter.OncePerRequestFilter.doFilter(OncePerRequestFilter.java:107) [spring-web-5.0.7.RELEASE.jar:5.0.7.RELEASE]
	at org.apache.catalina.core.ApplicationFilterChain.internalDoFilter(ApplicationFilterChain.java:193) [tomcat-embed-core-8.5.31.jar:8.5.31]
	at org.apache.catalina.core.ApplicationFilterChain.doFilter(ApplicationFilterChain.java:166) [tomcat-embed-core-8.5.31.jar:8.5.31]
	at org.springframework.web.filter.HiddenHttpMethodFilter.doFilterInternal(HiddenHttpMethodFilter.java:93) [spring-web-5.0.7.RELEASE.jar:5.0.7.RELEASE]
	at org.springframework.web.filter.OncePerRequestFilter.doFilter(OncePerRequestFilter.java:107) [spring-web-5.0.7.RELEASE.jar:5.0.7.RELEASE]
	at org.apache.catalina.core.ApplicationFilterChain.internalDoFilter(ApplicationFilterChain.java:193) [tomcat-embed-core-8.5.31.jar:8.5.31]
	at org.apache.catalina.core.ApplicationFilterChain.doFilter(ApplicationFilterChain.java:166) [tomcat-embed-core-8.5.31.jar:8.5.31]
	at org.springframework.web.filter.CharacterEncodingFilter.doFilterInternal(CharacterEncodingFilter.java:200) [spring-web-5.0.7.RELEASE.jar:5.0.7.RELEASE]
	at org.springframework.web.filter.OncePerRequestFilter.doFilter(OncePerRequestFilter.java:107) [spring-web-5.0.7.RELEASE.jar:5.0.7.RELEASE]
	at org.apache.catalina.core.ApplicationFilterChain.internalDoFilter(ApplicationFilterChain.java:193) [tomcat-embed-core-8.5.31.jar:8.5.31]
	at org.apache.catalina.core.ApplicationFilterChain.doFilter(ApplicationFilterChain.java:166) [tomcat-embed-core-8.5.31.jar:8.5.31]
	at org.apache.catalina.core.StandardWrapperValve.invoke(StandardWrapperValve.java:198) [tomcat-embed-core-8.5.31.jar:8.5.31]
	at org.apache.catalina.core.StandardContextValve.invoke(StandardContextValve.java:96) [tomcat-embed-core-8.5.31.jar:8.5.31]
	at org.apache.catalina.authenticator.AuthenticatorBase.invoke(AuthenticatorBase.java:496) [tomcat-embed-core-8.5.31.jar:8.5.31]
	at org.apache.catalina.core.StandardHostValve.invoke(StandardHostValve.java:140) [tomcat-embed-core-8.5.31.jar:8.5.31]
	at org.apache.catalina.valves.ErrorReportValve.invoke(ErrorReportValve.java:81) [tomcat-embed-core-8.5.31.jar:8.5.31]
	at org.apache.catalina.core.StandardEngineValve.invoke(StandardEngineValve.java:87) [tomcat-embed-core-8.5.31.jar:8.5.31]
	at org.apache.catalina.connector.CoyoteAdapter.service(CoyoteAdapter.java:342) [tomcat-embed-core-8.5.31.jar:8.5.31]
	at org.apache.coyote.http11.Http11Processor.service(Http11Processor.java:803) [tomcat-embed-core-8.5.31.jar:8.5.31]
	at org.apache.coyote.AbstractProcessorLight.process(AbstractProcessorLight.java:66) [tomcat-embed-core-8.5.31.jar:8.5.31]
	at org.apache.coyote.AbstractProtocol$ConnectionHandler.process(AbstractProtocol.java:790) [tomcat-embed-core-8.5.31.jar:8.5.31]
	at org.apache.tomcat.util.net.NioEndpoint$SocketProcessor.doRun(NioEndpoint.java:1468) [tomcat-embed-core-8.5.31.jar:8.5.31]
	at org.apache.tomcat.util.net.SocketProcessorBase.run(SocketProcessorBase.java:49) [tomcat-embed-core-8.5.31.jar:8.5.31]
	at java.util.concurrent.ThreadPoolExecutor.runWorker(ThreadPoolExecutor.java:1149) [?:1.8.0_181]
	at java.util.concurrent.ThreadPoolExecutor$Worker.run(ThreadPoolExecutor.java:624) [?:1.8.0_181]
	at org.apache.tomcat.util.threads.TaskThread$WrappingRunnable.run(TaskThread.java:61) [tomcat-embed-core-8.5.31.jar:8.5.31]
	at java.lang.Thread.run(Thread.java:748) [?:1.8.0_181]
